<?xml version="1.0" encoding="UTF-8"?>
<testng-results ignored="0" total="1" passed="1" failed="0" skipped="0">
  <reporter-output>
  </reporter-output>
  <suite started-at="2022-02-28T22:07:31 IST" name="Default suite" finished-at="2022-02-28T22:07:38 IST" duration-ms="6388">
    <groups>
    </groups>
    <test started-at="2022-02-28T22:07:31 IST" name="Default test" finished-at="2022-02-28T22:07:38 IST" duration-ms="6388">
      <class name="selenium.PageTest">
        <test-method is-config="true" signature="setUp()[pri:0, instance:selenium.PageTest@149e0f5d]" started-at="2022-02-28T22:07:31 IST" name="setUp" finished-at="2022-02-28T22:07:34 IST" duration-ms="2322" status="PASS">
          <reporter-output>
          </reporter-output>
        </test-method> <!-- setUp -->
        <test-method signature="testMethod1()[pri:0, instance:selenium.PageTest@149e0f5d]" started-at="2022-02-28T22:07:34 IST" name="testMethod1" finished-at="2022-02-28T22:07:38 IST" duration-ms="3715" status="PASS">
          <reporter-output>
          </reporter-output>
        </test-method> <!-- testMethod1 -->
        <test-method is-config="true" signature="tearDown()[pri:0, instance:selenium.PageTest@149e0f5d]" started-at="2022-02-28T22:07:38 IST" name="tearDown" finished-at="2022-02-28T22:07:38 IST" duration-ms="280" status="PASS">
          <reporter-output>
          </reporter-output>
        </test-method> <!-- tearDown -->
      </class> <!-- selenium.PageTest -->
    </test> <!-- Default test -->
  </suite> <!-- Default suite -->
</testng-results>
